<?xml version="1.0" encoding="UTF-8"?>
<!-- Generated by org.testng.reporters.JUnitXMLReporter -->
<testsuite hostname="DESKTOP-0K8EQOA" ignored="0" name="Test" tests="3" failures="0" timestamp="2022-06-30T23:04:29 IST" time="5.637" errors="0">
  <testcase name="openingurl" time="2.94" classname="com.testng.features.testing.Testng_GroupsofGroups_Grouping"/>
  <testcase name="signingin" time="1.957" classname="com.testng.features.testing.Testng_GroupsofGroups_Grouping"/>
  <testcase name="closingbrowser" time="0.588" classname="com.testng.features.testing.Testng_GroupsofGroups_Grouping"/>
</testsuite> <!-- Test -->
